c:\users\zhangjun1\desktop\recastnavigation-master\recastnavigation\recastnavition\recastdemo\build\vs2015\obj\win64\debug\recast\recast.pdb
c:\users\zhangjun1\desktop\recastnavigation-master\recastnavigation\recastnavition\recastdemo\build\vs2015\obj\win64\debug\recast\recast.idb
c:\users\zhangjun1\desktop\recastnavigation-master\recastnavigation\recastnavition\recastdemo\build\vs2015\obj\win64\debug\recast\recastregion.obj
c:\users\zhangjun1\desktop\recastnavigation-master\recastnavigation\recastnavition\recastdemo\build\vs2015\obj\win64\debug\recast\recastrasterization.obj
c:\users\zhangjun1\desktop\recastnavigation-master\recastnavigation\recastnavition\recastdemo\build\vs2015\obj\win64\debug\recast\recastmeshdetail.obj
c:\users\zhangjun1\desktop\recastnavigation-master\recastnavigation\recastnavition\recastdemo\build\vs2015\obj\win64\debug\recast\recastmesh.obj
c:\users\zhangjun1\desktop\recastnavigation-master\recastnavigation\recastnavition\recastdemo\build\vs2015\obj\win64\debug\recast\recastlayers.obj
c:\users\zhangjun1\desktop\recastnavigation-master\recastnavigation\recastnavition\recastdemo\build\vs2015\obj\win64\debug\recast\recastfilter.obj
c:\users\zhangjun1\desktop\recastnavigation-master\recastnavigation\recastnavition\recastdemo\build\vs2015\obj\win64\debug\recast\recastcontour.obj
c:\users\zhangjun1\desktop\recastnavigation-master\recastnavigation\recastnavition\recastdemo\build\vs2015\obj\win64\debug\recast\recastassert.obj
c:\users\zhangjun1\desktop\recastnavigation-master\recastnavigation\recastnavition\recastdemo\build\vs2015\obj\win64\debug\recast\recastarea.obj
c:\users\zhangjun1\desktop\recastnavigation-master\recastnavigation\recastnavition\recastdemo\build\vs2015\obj\win64\debug\recast\recastalloc.obj
c:\users\zhangjun1\desktop\recastnavigation-master\recastnavigation\recastnavition\recastdemo\build\vs2015\obj\win64\debug\recast\recast.obj
c:\users\zhangjun1\desktop\recastnavigation-master\recastnavigation\recastnavition\recastdemo\build\vs2015\lib\debug\recast.lib
c:\users\zhangjun1\desktop\recastnavigation-master\recastnavigation\recastnavition\recastdemo\build\vs2015\obj\win64\debug\recast\recast.tlog\cl.command.1.tlog
c:\users\zhangjun1\desktop\recastnavigation-master\recastnavigation\recastnavition\recastdemo\build\vs2015\obj\win64\debug\recast\recast.tlog\cl.read.1.tlog
c:\users\zhangjun1\desktop\recastnavigation-master\recastnavigation\recastnavition\recastdemo\build\vs2015\obj\win64\debug\recast\recast.tlog\cl.write.1.tlog
c:\users\zhangjun1\desktop\recastnavigation-master\recastnavigation\recastnavition\recastdemo\build\vs2015\obj\win64\debug\recast\recast.tlog\lib-link.read.1.tlog
c:\users\zhangjun1\desktop\recastnavigation-master\recastnavigation\recastnavition\recastdemo\build\vs2015\obj\win64\debug\recast\recast.tlog\lib-link.write.1.tlog
c:\users\zhangjun1\desktop\recastnavigation-master\recastnavigation\recastnavition\recastdemo\build\vs2015\obj\win64\debug\recast\recast.tlog\lib.command.1.tlog
