c:\users\zhangjun1\desktop\recastnavigation-master\recastnavigation\recastnavition\recastdemo\build\vs2015\obj\win64\debug\recastdemo\vc141.pdb
c:\users\zhangjun1\desktop\recastnavigation-master\recastnavigation\recastnavition\recastdemo\build\vs2015\obj\win64\debug\recastdemo\vc141.idb
c:\users\zhangjun1\desktop\recastnavigation-master\recastnavigation\recastnavition\recastdemo\build\vs2015\obj\win64\debug\recastdemo\fastlz.obj
c:\users\zhangjun1\desktop\recastnavigation-master\recastnavigation\recastnavition\recastdemo\build\vs2015\obj\win64\debug\recastdemo\imguirendergl.obj
c:\users\zhangjun1\desktop\recastnavigation-master\recastnavigation\recastnavition\recastdemo\build\vs2015\obj\win64\debug\recastdemo\imgui.obj
c:\users\zhangjun1\desktop\recastnavigation-master\recastnavigation\recastnavition\recastdemo\build\vs2015\obj\win64\debug\recastdemo\valuehistory.obj
c:\users\zhangjun1\desktop\recastnavigation-master\recastnavigation\recastnavition\recastdemo\build\vs2015\obj\win64\debug\recastdemo\testcase.obj
c:\users\zhangjun1\desktop\recastnavigation-master\recastnavigation\recastnavition\recastdemo\build\vs2015\obj\win64\debug\recastdemo\sample_tilemesh.obj
c:\users\zhangjun1\desktop\recastnavigation-master\recastnavigation\recastnavition\recastdemo\build\vs2015\obj\win64\debug\recastdemo\sample_tempobstacles.obj
c:\users\zhangjun1\desktop\recastnavigation-master\recastnavigation\recastnavition\recastdemo\build\vs2015\obj\win64\debug\recastdemo\sample_solomesh.obj
c:\users\zhangjun1\desktop\recastnavigation-master\recastnavigation\recastnavition\recastdemo\build\vs2015\obj\win64\debug\recastdemo\sample_debug.obj
c:\users\zhangjun1\desktop\recastnavigation-master\recastnavigation\recastnavition\recastdemo\build\vs2015\obj\win64\debug\recastdemo\sampleinterfaces.obj
c:\users\zhangjun1\desktop\recastnavigation-master\recastnavigation\recastnavition\recastdemo\build\vs2015\obj\win64\debug\recastdemo\sample.obj
c:\users\zhangjun1\desktop\recastnavigation-master\recastnavigation\recastnavition\recastdemo\build\vs2015\obj\win64\debug\recastdemo\perftimer.obj
c:\users\zhangjun1\desktop\recastnavigation-master\recastnavigation\recastnavition\recastdemo\build\vs2015\obj\win64\debug\recastdemo\offmeshconnectiontool.obj
c:\users\zhangjun1\desktop\recastnavigation-master\recastnavigation\recastnavition\recastdemo\build\vs2015\obj\win64\debug\recastdemo\navmeshtestertool.obj
c:\users\zhangjun1\desktop\recastnavigation-master\recastnavigation\recastnavition\recastdemo\build\vs2015\obj\win64\debug\recastdemo\navmeshprunetool.obj
c:\users\zhangjun1\desktop\recastnavigation-master\recastnavigation\recastnavition\recastdemo\build\vs2015\obj\win64\debug\recastdemo\meshloaderobj.obj
c:\users\zhangjun1\desktop\recastnavigation-master\recastnavigation\recastnavition\recastdemo\build\vs2015\obj\win64\debug\recastdemo\inputgeom.obj
c:\users\zhangjun1\desktop\recastnavigation-master\recastnavigation\recastnavition\recastdemo\build\vs2015\obj\win64\debug\recastdemo\filelist.obj
c:\users\zhangjun1\desktop\recastnavigation-master\recastnavigation\recastnavition\recastdemo\build\vs2015\obj\win64\debug\recastdemo\crowdtool.obj
c:\users\zhangjun1\desktop\recastnavigation-master\recastnavigation\recastnavition\recastdemo\build\vs2015\obj\win64\debug\recastdemo\convexvolumetool.obj
c:\users\zhangjun1\desktop\recastnavigation-master\recastnavigation\recastnavition\recastdemo\build\vs2015\obj\win64\debug\recastdemo\chunkytrimesh.obj
c:\users\zhangjun1\desktop\recastnavigation-master\recastnavigation\recastnavition\recastdemo\build\vs2015\obj\win64\debug\recastdemo\main.obj
c:\users\zhangjun1\desktop\recastnavigation-master\recastnavigation\recastnavition\recastdemo\bin\recastdemo.ilk
c:\users\zhangjun1\desktop\recastnavigation-master\recastnavigation\recastnavition\recastdemo\bin\recastdemo.exe
c:\users\zhangjun1\desktop\recastnavigation-master\recastnavigation\recastnavition\recastdemo\bin\recastdemo.pdb
c:\users\zhangjun1\desktop\recastnavigation-master\recastnavigation\recastnavition\recastdemo\bin\recastdemo.lib
c:\users\zhangjun1\desktop\recastnavigation-master\recastnavigation\recastnavition\recastdemo\bin\recastdemo.exp
c:\users\zhangjun1\desktop\recastnavigation-master\recastnavigation\recastnavition\recastdemo\build\vs2015\..\..\bin\recastdemo.exe
c:\users\zhangjun1\desktop\recastnavigation-master\recastnavigation\recastnavition\recastdemo\build\vs2015\obj\win64\debug\recastdemo\recastdemo.tlog\cl.command.1.tlog
c:\users\zhangjun1\desktop\recastnavigation-master\recastnavigation\recastnavition\recastdemo\build\vs2015\obj\win64\debug\recastdemo\recastdemo.tlog\cl.read.1.tlog
c:\users\zhangjun1\desktop\recastnavigation-master\recastnavigation\recastnavition\recastdemo\build\vs2015\obj\win64\debug\recastdemo\recastdemo.tlog\cl.write.1.tlog
c:\users\zhangjun1\desktop\recastnavigation-master\recastnavigation\recastnavition\recastdemo\build\vs2015\obj\win64\debug\recastdemo\recastdemo.tlog\link.command.1.tlog
c:\users\zhangjun1\desktop\recastnavigation-master\recastnavigation\recastnavition\recastdemo\build\vs2015\obj\win64\debug\recastdemo\recastdemo.tlog\link.read.1.tlog
c:\users\zhangjun1\desktop\recastnavigation-master\recastnavigation\recastnavition\recastdemo\build\vs2015\obj\win64\debug\recastdemo\recastdemo.tlog\link.write.1.tlog
c:\users\zhangjun1\desktop\recastnavigation-master\recastnavigation\recastnavition\recastdemo\build\vs2015\obj\win64\debug\recastdemo\recastdemo.tlog\recastdemo.write.1u.tlog
